<?xml version="1.0" encoding="UTF-8"?>
<!-- Generated by org.testng.reporters.JUnitReportReporter -->
<testsuite hostname="DESKTOP-9BB5NPN" failures="0" tests="1" name="ThreeLayer.Testscript5" time="15.133" errors="0" timestamp="2023-03-03T15:52:30 IST" skipped="0">
  <testcase classname="ThreeLayer.Testscript5" name="project" time="15.133"/>
  <system-out>
    <![CDATA[project added successfully and verified
project added successfully and verified]]>
  </system-out>
</testsuite> <!-- ThreeLayer.Testscript5 -->
