<?xml version="1.0" encoding="UTF-8"?>
<!-- Generated by org.testng.reporters.JUnitReportReporter -->
<testsuite hostname="DESKTOP-9BB5NPN" failures="0" tests="1" name="crud.ReadProject" time="2.603" errors="0" timestamp="2023-02-20T10:10:08 IST" skipped="0">
  <testcase classname="crud.ReadProject" name="read" time="2.603"/>
  <system-out/>
</testsuite> <!-- crud.ReadProject -->
