<?xml version="1.0" encoding="UTF-8"?>
<!-- Generated by org.testng.reporters.JUnitReportReporter -->
<testsuite hostname="DESKTOP-9BB5NPN" failures="0" tests="1" name="serialization.EmployeeSerialization" time="0.296" errors="0" timestamp="2023-03-05T13:12:56 IST" skipped="0">
  <testcase classname="serialization.EmployeeSerialization" name="emplyseri" time="0.296"/>
  <system-out/>
</testsuite> <!-- serialization.EmployeeSerialization -->
