<?xml version="1.0" encoding="UTF-8"?>
<!-- Generated by org.testng.reporters.JUnitReportReporter -->
<testsuite hostname="DESKTOP-9BB5NPN" failures="0" tests="1" name="serialization.StudentSerialization" time="0.301" errors="0" timestamp="2023-02-20T09:54:07 IST" skipped="0">
  <testcase classname="serialization.StudentSerialization" name="writeDetails" time="0.301"/>
  <system-out/>
</testsuite> <!-- serialization.StudentSerialization -->
