<?xml version="1.0" encoding="UTF-8"?>
<!-- Generated by org.testng.reporters.JUnitReportReporter -->
<testsuite hostname="DESKTOP-9BB5NPN" failures="0" tests="1" name="CrudWithBDD.UpdateProject" time="3.266" errors="0" timestamp="2023-02-20T12:40:18 IST" skipped="0">
  <testcase classname="CrudWithBDD.UpdateProject" name="update" time="3.266"/>
  <system-out/>
</testsuite> <!-- CrudWithBDD.UpdateProject -->
