<?xml version="1.0" encoding="UTF-8"?>
<!-- Generated by org.testng.reporters.JUnitReportReporter -->
<testsuite hostname="DESKTOP-9BB5NPN" failures="0" tests="1" name="DifferentWaysToPost.ProjectExe" time="4.355" errors="0" timestamp="2023-02-20T15:27:43 IST" skipped="0">
  <testcase classname="DifferentWaysToPost.ProjectExe" name="projects" time="4.355"/>
  <system-out/>
</testsuite> <!-- DifferentWaysToPost.ProjectExe -->
