<?xml version="1.0" encoding="UTF-8"?>
<!-- Generated by org.testng.reporters.JUnitReportReporter -->
<testsuite hostname="DESKTOP-9BB5NPN" failures="0" tests="1" name="authentication.PreemptiveBasicAuth" time="3.132" errors="0" timestamp="2023-02-23T11:08:52 IST" skipped="0">
  <testcase classname="authentication.PreemptiveBasicAuth" name="preemptiveAuth" time="3.132"/>
  <system-out/>
</testsuite> <!-- authentication.PreemptiveBasicAuth -->
