<?xml version="1.0" encoding="UTF-8"?>
<!-- Generated by org.testng.reporters.JUnitReportReporter -->
<testsuite hostname="DESKTOP-9BB5NPN" failures="0" tests="1" name="ThreeLayertesting.Testscript2" time="22.252" errors="0" timestamp="2023-02-27T15:37:20 IST" skipped="0">
  <testcase classname="ThreeLayertesting.Testscript2" name="project" time="22.252"/>
  <system-out>
    <![CDATA[project added successfully and verified]]>
  </system-out>
</testsuite> <!-- ThreeLayertesting.Testscript2 -->
