<?xml version="1.0" encoding="UTF-8"?>
<!-- Generated by org.testng.reporters.JUnitReportReporter -->
<testsuite hostname="DESKTOP-9BB5NPN" failures="0" tests="1" name="requestchaining.RequestChainingUsingPathParam" time="4.655" errors="0" timestamp="2023-02-22T11:18:26 IST" skipped="0">
  <testcase classname="requestchaining.RequestChainingUsingPathParam" name="reqChaining" time="4.655"/>
  <system-out/>
</testsuite> <!-- requestchaining.RequestChainingUsingPathParam -->
