<?xml version="1.0" encoding="UTF-8"?>
<!-- Generated by org.testng.reporters.JUnitReportReporter -->
<testsuite hostname="DESKTOP-9BB5NPN" failures="0" tests="1" name="requestchaining.RequestChainingUsingVariable" time="5.134" errors="0" timestamp="2023-02-22T15:01:24 IST" skipped="0">
  <testcase classname="requestchaining.RequestChainingUsingVariable" name="reqChain" time="5.134"/>
  <system-out/>
</testsuite> <!-- requestchaining.RequestChainingUsingVariable -->
