<?xml version="1.0" encoding="UTF-8"?>
<!-- Generated by org.testng.reporters.JUnitReportReporter -->
<testsuite hostname="DESKTOP-9BB5NPN" failures="0" tests="1" name="TwoLayer.CreateProjectAndVerifyInDatabase" time="5.713" errors="0" timestamp="2023-03-02T15:56:57 IST" skipped="0">
  <testcase classname="TwoLayer.CreateProjectAndVerifyInDatabase" name="createProje" time="5.713"/>
  <system-out/>
</testsuite> <!-- TwoLayer.CreateProjectAndVerifyInDatabase -->
