<?xml version="1.0" encoding="UTF-8"?>
<!-- Generated by org.testng.reporters.JUnitReportReporter -->
<testsuite hostname="DESKTOP-9BB5NPN" failures="0" tests="1" name="DifferentWaysToPost.ProjectExeWithPojo" time="3.386" errors="0" timestamp="2023-02-20T15:31:38 IST" skipped="0">
  <testcase classname="DifferentWaysToPost.ProjectExeWithPojo" name="projects" time="3.386"/>
  <system-out/>
</testsuite> <!-- DifferentWaysToPost.ProjectExeWithPojo -->
