<?xml version="1.0" encoding="UTF-8"?>
<!-- Generated by org.testng.reporters.JUnitReportReporter -->
<testsuite hostname="DESKTOP-9BB5NPN" failures="0" tests="1" name="authentication.DigestiveBasicAuth" time="2.981" errors="0" timestamp="2023-02-23T11:06:46 IST" skipped="0">
  <testcase classname="authentication.DigestiveBasicAuth" name="digestiveAuth" time="2.981"/>
  <system-out/>
</testsuite> <!-- authentication.DigestiveBasicAuth -->
