<?xml version="1.0" encoding="UTF-8"?>
<!-- Generated by org.testng.reporters.JUnitReportReporter -->
<testsuite hostname="DESKTOP-9BB5NPN" failures="0" tests="1" name="ThreeLayertesting.AddProjectUsingRestAndGetUsingGui" time="18.084" errors="0" timestamp="2023-02-27T12:28:12 IST" skipped="0">
  <testcase classname="ThreeLayertesting.AddProjectUsingRestAndGetUsingGui" name="addProject" time="18.084"/>
  <system-out>
    <![CDATA[project added successfully]]>
  </system-out>
</testsuite> <!-- ThreeLayertesting.AddProjectUsingRestAndGetUsingGui -->
