<?xml version="1.0" encoding="UTF-8"?>
<!-- Generated by org.testng.reporters.JUnitReportReporter -->
<testsuite hostname="DESKTOP-9BB5NPN" failures="0" tests="1" name="deserialization.EmployeeNewDeserialization" time="0.290" errors="0" timestamp="2023-02-17T12:20:55 IST" skipped="0">
  <testcase classname="deserialization.EmployeeNewDeserialization" name="emplyDes" time="0.290"/>
  <system-out/>
</testsuite> <!-- deserialization.EmployeeNewDeserialization -->
