<?xml version="1.0" encoding="UTF-8"?>
<!-- Generated by org.testng.reporters.JUnitReportReporter -->
<testsuite hostname="DESKTOP-9BB5NPN" failures="0" tests="1" name="DifferentWaysToPost.UsingHashMap" time="3.248" errors="0" timestamp="2023-02-20T14:46:30 IST" skipped="0">
  <testcase classname="DifferentWaysToPost.UsingHashMap" name="create" time="3.248"/>
  <system-out/>
</testsuite> <!-- DifferentWaysToPost.UsingHashMap -->
