<?xml version="1.0" encoding="UTF-8"?>
<!-- Generated by org.testng.reporters.JUnitReportReporter -->
<testsuite hostname="DESKTOP-9BB5NPN" failures="0" tests="1" name="CrudWithBDD.ReadAllProjects" time="4.755" errors="0" timestamp="2023-02-21T15:25:17 IST" skipped="0">
  <testcase classname="CrudWithBDD.ReadAllProjects" name="readAll" time="4.755"/>
  <system-out/>
</testsuite> <!-- CrudWithBDD.ReadAllProjects -->
