<?xml version="1.0" encoding="UTF-8"?>
<!-- Generated by org.testng.reporters.JUnitReportReporter -->
<testsuite hostname="DESKTOP-9BB5NPN" failures="0" tests="1" name="petstore.CreatePet" time="5.397" errors="0" timestamp="2023-03-15T22:21:27 IST" skipped="0">
  <testcase classname="petstore.CreatePet" name="create" time="5.397"/>
  <system-out/>
</testsuite> <!-- petstore.CreatePet -->
