<?xml version="1.0" encoding="UTF-8"?>
<!-- Generated by org.testng.reporters.JUnitReportReporter -->
<testsuite hostname="DESKTOP-9BB5NPN" failures="0" tests="1" name="ThreeLayertesting.Testscript5" time="22.332" errors="0" timestamp="2023-02-27T14:04:22 IST" skipped="0">
  <testcase classname="ThreeLayertesting.Testscript5" name="project" time="22.332"/>
  <system-out>
    <![CDATA[project added successfully]]>
  </system-out>
</testsuite> <!-- ThreeLayertesting.Testscript5 -->
