<?xml version="1.0" encoding="UTF-8"?>
<!-- Generated by org.testng.reporters.JUnitReportReporter -->
<testsuite hostname="DESKTOP-9BB5NPN" failures="0" tests="1" name="authentication.Auth2" time="4.633" errors="0" timestamp="2023-03-05T23:49:24 IST" skipped="0">
  <testcase classname="authentication.Auth2" name="auth" time="4.633"/>
  <system-out/>
</testsuite> <!-- authentication.Auth2 -->
