<?xml version="1.0" encoding="UTF-8"?>
<!-- Generated by org.testng.reporters.JUnitReportReporter -->
<testsuite hostname="DESKTOP-9BB5NPN" failures="0" tests="1" name="crud.GetProject" time="2.814" errors="0" timestamp="2023-02-17T17:07:00 IST" skipped="0">
  <testcase classname="crud.GetProject" name="read" time="2.814"/>
  <system-out/>
</testsuite> <!-- crud.GetProject -->
