<?xml version="1.0" encoding="UTF-8"?>
<!-- Generated by org.testng.reporters.JUnitReportReporter -->
<testsuite hostname="DESKTOP-9BB5NPN" failures="0" tests="3" name="DataDrivenTesting.DDTUsingDataprovider" time="3.767" errors="0" timestamp="2023-02-22T12:31:05 IST" skipped="0">
  <testcase classname="DataDrivenTesting.DDTUsingDataprovider" name="createProject" time="3.501"/>
  <system-out/>
  <testcase classname="DataDrivenTesting.DDTUsingDataprovider" name="createProject" time="0.137"/>
  <system-out/>
  <testcase classname="DataDrivenTesting.DDTUsingDataprovider" name="createProject" time="0.129"/>
  <system-out/>
</testsuite> <!-- DataDrivenTesting.DDTUsingDataprovider -->
