<?xml version="1.0" encoding="UTF-8"?>
<!-- Generated by org.testng.reporters.JUnitReportReporter -->
<testsuite hostname="DESKTOP-9BB5NPN" failures="0" tests="1" name="ThreeLayertesting.Testscript4" time="18.938" errors="0" timestamp="2023-03-03T13:10:23 IST" skipped="0">
  <testcase classname="ThreeLayertesting.Testscript4" name="project" time="18.938"/>
  <system-out>
    <![CDATA[project added successfully
project added successfully and verified]]>
  </system-out>
</testsuite> <!-- ThreeLayertesting.Testscript4 -->
