<?xml version="1.0" encoding="UTF-8"?>
<!-- Generated by org.testng.reporters.JUnitReportReporter -->
<testsuite hostname="DESKTOP-9BB5NPN" failures="0" tests="1" name="UsingParameter.PathParameter" time="2.844" errors="0" timestamp="2023-02-20T17:25:29 IST" skipped="0">
  <testcase classname="UsingParameter.PathParameter" name="parameter" time="2.844"/>
  <system-out/>
</testsuite> <!-- UsingParameter.PathParameter -->
