<?xml version="1.0" encoding="UTF-8"?>
<!-- Generated by org.testng.reporters.JUnitReportReporter -->
<testsuite hostname="DESKTOP-9BB5NPN" failures="0" tests="1" name="ThreeLayer.Testscript4" time="18.800" errors="0" timestamp="2023-03-03T15:50:47 IST" skipped="0">
  <testcase classname="ThreeLayer.Testscript4" name="project" time="18.800"/>
  <system-out/>
</testsuite> <!-- ThreeLayer.Testscript4 -->
