<?xml version="1.0" encoding="UTF-8"?>
<!-- Generated by org.testng.reporters.JUnitReportReporter -->
<testsuite hostname="DESKTOP-9BB5NPN" failures="0" tests="1" name="CrudWithBDD.DeleteProject" time="2.713" errors="0" timestamp="2023-02-20T12:41:45 IST" skipped="0">
  <testcase classname="CrudWithBDD.DeleteProject" name="delete" time="2.713"/>
  <system-out/>
</testsuite> <!-- CrudWithBDD.DeleteProject -->
