<?xml version="1.0" encoding="UTF-8"?>
<!-- Generated by org.testng.reporters.JUnitReportReporter -->
<testsuite hostname="DESKTOP-9BB5NPN" failures="0" tests="1" name="deserialization.StudentDeserialization" time="0.386" errors="0" timestamp="2023-02-20T10:00:02 IST" skipped="0">
  <testcase classname="deserialization.StudentDeserialization" name="readDetails" time="0.386"/>
  <system-out/>
</testsuite> <!-- deserialization.StudentDeserialization -->
