<?xml version="1.0" encoding="UTF-8"?>
<!-- Generated by org.testng.reporters.JUnitReportReporter -->
<testsuite hostname="DESKTOP-9BB5NPN" failures="0" tests="1" name="ThreeLayertesting.AddProjectUsingGuiAndGetUsingRest" time="23.622" errors="0" timestamp="2023-02-27T11:52:34 IST" skipped="0">
  <testcase classname="ThreeLayertesting.AddProjectUsingGuiAndGetUsingRest" name="project" time="23.622"/>
  <system-out>
    <![CDATA[project added successfully and verified]]>
  </system-out>
</testsuite> <!-- ThreeLayertesting.AddProjectUsingGuiAndGetUsingRest -->
