<?xml version="1.0" encoding="UTF-8"?>
<!-- Generated by org.testng.reporters.JUnitReportReporter -->
<testsuite hostname="DESKTOP-9BB5NPN" failures="0" tests="1" name="validation.DynamicRespValidation" time="6.727" errors="0" timestamp="2023-02-21T17:31:32 IST" skipped="0">
  <testcase classname="validation.DynamicRespValidation" name="dynamicValid" time="6.727"/>
  <system-out/>
</testsuite> <!-- validation.DynamicRespValidation -->
