<?xml version="1.0" encoding="UTF-8"?>
<!-- Generated by org.testng.reporters.JUnitReportReporter -->
<testsuite hostname="DESKTOP-9BB5NPN" failures="0" tests="1" name="serialization.PetstoreSerialization" time="0.294" errors="0" timestamp="2023-02-26T17:17:32 IST" skipped="0">
  <testcase classname="serialization.PetstoreSerialization" name="serial" time="0.294"/>
  <system-out/>
</testsuite> <!-- serialization.PetstoreSerialization -->
