<?xml version="1.0" encoding="UTF-8"?>
<!-- Generated by org.testng.reporters.JUnitReportReporter -->
<testsuite hostname="DESKTOP-9BB5NPN" failures="0" tests="1" name="ThreeLayer.Testscript3" time="16.780" errors="0" timestamp="2023-03-03T15:49:06 IST" skipped="0">
  <testcase classname="ThreeLayer.Testscript3" name="project" time="16.780"/>
  <system-out/>
</testsuite> <!-- ThreeLayer.Testscript3 -->
