<?xml version="1.0" encoding="UTF-8"?>
<!-- Generated by org.testng.reporters.JUnitReportReporter -->
<testsuite hostname="DESKTOP-9BB5NPN" failures="0" tests="1" name="ThreeLayertesting.CheckProject" time="30.591" errors="0" timestamp="2023-02-24T15:42:52 IST" skipped="0">
  <testcase classname="ThreeLayertesting.CheckProject" name="project" time="30.591"/>
  <system-out>
    <![CDATA[project added successfully and verified]]>
  </system-out>
</testsuite> <!-- ThreeLayertesting.CheckProject -->
