<?xml version="1.0" encoding="UTF-8"?>
<!-- Generated by org.testng.reporters.JUnitReportReporter -->
<testsuite hostname="DESKTOP-9BB5NPN" failures="0" tests="1" name="authentication.BearerToken" time="5.636" errors="0" timestamp="2023-02-23T11:59:18 IST" skipped="0">
  <testcase classname="authentication.BearerToken" name="bearerToken" time="5.636"/>
  <system-out/>
</testsuite> <!-- authentication.BearerToken -->
