<?xml version="1.0" encoding="UTF-8"?>
<!-- Generated by org.testng.reporters.JUnitReportReporter -->
<testsuite hostname="DESKTOP-9BB5NPN" failures="0" tests="1" name="requestchaining.RequestChaining" time="5.371" errors="0" timestamp="2023-02-22T11:01:59 IST" skipped="0">
  <testcase classname="requestchaining.RequestChaining" name="reqChaining" time="5.371"/>
  <system-out/>
</testsuite> <!-- requestchaining.RequestChaining -->
