<?xml version="1.0" encoding="UTF-8"?>
<!-- Generated by org.testng.reporters.JUnitReportReporter -->
<testsuite hostname="DESKTOP-9BB5NPN" failures="0" tests="1" name="crud.CreateProject" time="3.709" errors="0" timestamp="2023-02-20T10:04:40 IST" skipped="0">
  <testcase classname="crud.CreateProject" name="create" time="3.709"/>
  <system-out/>
</testsuite> <!-- crud.CreateProject -->
