<?xml version="1.0" encoding="UTF-8"?>
<!-- Generated by org.testng.reporters.JUnitReportReporter -->
<testsuite hostname="DESKTOP-9BB5NPN" failures="0" tests="1" name="ThreeLayertesting.AddUsingJDBCAndGetUsingGui" time="17.355" errors="0" timestamp="2023-02-27T12:49:11 IST" skipped="0">
  <testcase classname="ThreeLayertesting.AddUsingJDBCAndGetUsingGui" name="project" time="17.355"/>
  <system-out>
    <![CDATA[project added successfully
project added successfully and verified]]>
  </system-out>
</testsuite> <!-- ThreeLayertesting.AddUsingJDBCAndGetUsingGui -->
