<?xml version="1.0" encoding="UTF-8"?>
<!-- Generated by org.testng.reporters.JUnitReportReporter -->
<testsuite hostname="DESKTOP-9BB5NPN" failures="0" tests="1" name="CrudWithoutBDD.CreateProject" time="3.752" errors="0" timestamp="2023-03-17T13:17:28 IST" skipped="0">
  <testcase classname="CrudWithoutBDD.CreateProject" name="create" time="3.752"/>
  <system-out/>
</testsuite> <!-- CrudWithoutBDD.CreateProject -->
