<?xml version="1.0" encoding="UTF-8"?>
<!-- Generated by org.testng.reporters.JUnitReportReporter -->
<testsuite hostname="DESKTOP-9BB5NPN" failures="0" tests="1" name="crud.GetAllProjects" time="5.956" errors="0" timestamp="2023-02-17T17:09:44 IST" skipped="0">
  <testcase classname="crud.GetAllProjects" name="getAll" time="5.956"/>
  <system-out/>
</testsuite> <!-- crud.GetAllProjects -->
