<?xml version="1.0" encoding="UTF-8"?>
<!-- Generated by org.testng.reporters.JUnitReportReporter -->
<testsuite hostname="DESKTOP-9BB5NPN" failures="0" tests="1" name="ThreeLayertesting.Testscript1" time="25.701" errors="0" timestamp="2023-03-01T16:24:36 IST" skipped="0">
  <testcase classname="ThreeLayertesting.Testscript1" name="project" time="25.701"/>
  <system-out>
    <![CDATA[project added successfully and verified]]>
  </system-out>
</testsuite> <!-- ThreeLayertesting.Testscript1 -->
