<?xml version="1.0" encoding="UTF-8"?>
<!-- Generated by org.testng.reporters.JUnitReportReporter -->
<testsuite hostname="DESKTOP-9BB5NPN" failures="0" tests="1" name="ThreeLayertesting.AddProject" time="21.761" errors="0" timestamp="2023-02-24T15:03:47 IST" skipped="0">
  <testcase classname="ThreeLayertesting.AddProject" name="addProject" time="21.761"/>
  <system-out>
    <![CDATA[project added successfully]]>
  </system-out>
</testsuite> <!-- ThreeLayertesting.AddProject -->
