<?xml version="1.0" encoding="UTF-8"?>
<!-- Generated by org.testng.reporters.JUnitReportReporter -->
<testsuite hostname="DESKTOP-9BB5NPN" failures="0" tests="1" name="ThreeLayertesting.Testscript6" time="22.100" errors="0" timestamp="2023-02-27T14:21:16 IST" skipped="0">
  <testcase classname="ThreeLayertesting.Testscript6" name="project" time="22.100"/>
  <system-out/>
</testsuite> <!-- ThreeLayertesting.Testscript6 -->
