<?xml version="1.0" encoding="UTF-8"?>
<!-- Generated by org.testng.reporters.JUnitReportReporter -->
<testsuite hostname="DESKTOP-9BB5NPN" failures="0" tests="1" name="ThreeLayertesting.Testscript8" time="31.754" errors="0" timestamp="2023-02-27T16:19:34 IST" skipped="0">
  <testcase classname="ThreeLayertesting.Testscript8" name="project" time="31.754"/>
  <system-out/>
</testsuite> <!-- ThreeLayertesting.Testscript8 -->
