<?xml version="1.0" encoding="UTF-8"?>
<!-- Generated by org.testng.reporters.JUnitReportReporter -->
<testsuite hostname="DESKTOP-9BB5NPN" failures="0" tests="1" name="validation.StaticRespValidation" time="6.594" errors="0" timestamp="2023-02-21T15:31:20 IST" skipped="0">
  <testcase classname="validation.StaticRespValidation" name="staticValid" time="6.594"/>
  <system-out/>
</testsuite> <!-- validation.StaticRespValidation -->
