<?xml version="1.0" encoding="UTF-8"?>
<!-- Generated by org.testng.reporters.JUnitReportReporter -->
<testsuite hostname="DESKTOP-9BB5NPN" failures="0" tests="1" name="ThreeLayer.Testscript2" time="17.761" errors="0" timestamp="2023-03-03T10:06:00 IST" skipped="0">
  <testcase classname="ThreeLayer.Testscript2" name="project" time="17.761"/>
  <system-out>
    <![CDATA[project added successfully and verified]]>
  </system-out>
</testsuite> <!-- ThreeLayer.Testscript2 -->
