<?xml version="1.0" encoding="UTF-8"?>
<!-- Generated by org.testng.reporters.JUnitReportReporter -->
<testsuite hostname="DESKTOP-9BB5NPN" failures="0" tests="1" name="crud.DeleteProject" time="2.979" errors="0" timestamp="2023-02-17T17:09:08 IST" skipped="0">
  <testcase classname="crud.DeleteProject" name="delete" time="2.979"/>
  <system-out/>
</testsuite> <!-- crud.DeleteProject -->
