<?xml version="1.0" encoding="UTF-8"?>
<!-- Generated by org.testng.reporters.JUnitReportReporter -->
<testsuite hostname="DESKTOP-9BB5NPN" failures="0" tests="1" name="serialization.EmployeeNewSerialization" time="0.296" errors="0" timestamp="2023-02-17T15:39:34 IST" skipped="0">
  <testcase classname="serialization.EmployeeNewSerialization" name="emplyseri" time="0.296"/>
  <system-out/>
</testsuite> <!-- serialization.EmployeeNewSerialization -->
