<?xml version="1.0" encoding="UTF-8"?>
<!-- Generated by org.testng.reporters.JUnitReportReporter -->
<testsuite hostname="DESKTOP-9BB5NPN" failures="0" tests="1" name="authentication.BasicAuth" time="2.935" errors="0" timestamp="2023-02-23T11:04:43 IST" skipped="0">
  <testcase classname="authentication.BasicAuth" name="basicAuth" time="2.935"/>
  <system-out/>
</testsuite> <!-- authentication.BasicAuth -->
