<?xml version="1.0" encoding="UTF-8"?>
<!-- Generated by org.testng.reporters.JUnitReportReporter -->
<testsuite hostname="DESKTOP-9BB5NPN" failures="0" tests="1" name="ThreeLayertesting.Testscript7" time="18.624" errors="0" timestamp="2023-02-27T15:16:18 IST" skipped="0">
  <testcase classname="ThreeLayertesting.Testscript7" name="project" time="18.624"/>
  <system-out>
    <![CDATA[project is not present]]>
  </system-out>
</testsuite> <!-- ThreeLayertesting.Testscript7 -->
