<?xml version="1.0" encoding="UTF-8"?>
<!-- Generated by org.testng.reporters.JUnitReportReporter -->
<testsuite hostname="DESKTOP-9BB5NPN" failures="0" tests="1" name="deserialization.EmployeeDeserialization" time="0.313" errors="0" timestamp="2023-02-17T11:56:32 IST" skipped="0">
  <testcase classname="deserialization.EmployeeDeserialization" name="emplyDes" time="0.313"/>
  <system-out/>
</testsuite> <!-- deserialization.EmployeeDeserialization -->
