<?xml version="1.0" encoding="UTF-8"?>
<!-- Generated by org.testng.reporters.JUnitReportReporter -->
<testsuite hostname="DESKTOP-9BB5NPN" failures="0" tests="1" name="CrudWithBDD.ReadProject" time="2.542" errors="0" timestamp="2023-02-20T12:39:24 IST" skipped="0">
  <testcase classname="CrudWithBDD.ReadProject" name="read" time="2.542"/>
  <system-out/>
</testsuite> <!-- CrudWithBDD.ReadProject -->
