<?xml version="1.0" encoding="UTF-8"?>
<!-- Generated by org.testng.reporters.JUnitReportReporter -->
<testsuite hostname="DESKTOP-9BB5NPN" failures="0" tests="1" name="serialization.EmployeeSerializationWithObject" time="0.333" errors="0" timestamp="2023-02-17T16:01:01 IST" skipped="0">
  <testcase classname="serialization.EmployeeSerializationWithObject" name="emplyseri" time="0.333"/>
  <system-out/>
</testsuite> <!-- serialization.EmployeeSerializationWithObject -->
