<?xml version="1.0" encoding="UTF-8"?>
<!-- Generated by org.testng.reporters.JUnitReportReporter -->
<testsuite hostname="DESKTOP-9BB5NPN" failures="0" tests="1" name="UsingParameter.QueryParameter" time="3.409" errors="0" timestamp="2023-03-05T22:57:45 IST" skipped="0">
  <testcase classname="UsingParameter.QueryParameter" name="queryParameter" time="3.409"/>
  <system-out/>
</testsuite> <!-- UsingParameter.QueryParameter -->
