<?xml version="1.0" encoding="UTF-8"?>
<!-- Generated by org.testng.reporters.JUnitReportReporter -->
<testsuite hostname="DESKTOP-9BB5NPN" failures="0" tests="1" name="crud.UpdateProject" time="3.769" errors="0" timestamp="2023-02-17T17:17:30 IST" skipped="0">
  <testcase classname="crud.UpdateProject" name="update" time="3.769"/>
  <system-out/>
</testsuite> <!-- crud.UpdateProject -->
