<?xml version="1.0" encoding="UTF-8"?>
<!-- Generated by org.testng.reporters.JUnitReportReporter -->
<testsuite hostname="DESKTOP-9BB5NPN" failures="0" tests="1" name="ThreeLayer.Testscript1" time="19.250" errors="0" timestamp="2023-03-03T15:47:55 IST" skipped="0">
  <testcase classname="ThreeLayer.Testscript1" name="project" time="19.250"/>
  <system-out>
    <![CDATA[project added successfully and verified]]>
  </system-out>
</testsuite> <!-- ThreeLayer.Testscript1 -->
