<?xml version="1.0" encoding="UTF-8"?>
<!-- Generated by org.testng.reporters.JUnitReportReporter -->
<testsuite hostname="DESKTOP-9BB5NPN" failures="0" tests="1" name="DifferentWaysToPost.UsingJsonFile" time="2.792" errors="0" timestamp="2023-02-20T15:06:54 IST" skipped="0">
  <testcase classname="DifferentWaysToPost.UsingJsonFile" name="create" time="2.792"/>
  <system-out/>
</testsuite> <!-- DifferentWaysToPost.UsingJsonFile -->
